2021-05-07 12:55:07.788 INFO [edu.ssafy.SpringMvcSpringbootApplication.logStarting:55]
				- Starting SpringMvcSpringbootApplication on badngood with PID 14964 (C:\Users\badng\git\springbootmvc\SpringbootMVC\target\classes started by badng in C:\Users\badng\git\springbootmvc\SpringbootMVC) 
2021-05-07 12:55:07.788 INFO [edu.ssafy.SpringMvcSpringbootApplication.logStartupProfileInfo:651]
				- No active profile set, falling back to default profiles: default 
2021-05-07 12:55:08.033 WARN [org.mybatis.spring.mapper.ClassPathMapperScanner.warn:44]
				- No MyBatis mapper was found in '[edu.ssafy]' package. Please check your configuration. 
2021-05-07 12:55:08.118 INFO [org.springframework.boot.web.embedded.tomcat.TomcatWebServer.initialize:108]
				- Tomcat initialized with port(s): 9000 (http) 
2021-05-07 12:55:08.119 INFO [org.apache.coyote.http11.Http11NioProtocol.log:173]
				- Initializing ProtocolHandler ["http-nio-9000"] 
2021-05-07 12:55:08.120 INFO [org.apache.catalina.core.StandardService.log:173]
				- Starting service [Tomcat] 
2021-05-07 12:55:08.120 INFO [org.apache.catalina.core.StandardEngine.log:173]
				- Starting Servlet engine: [Apache Tomcat/9.0.38] 
2021-05-07 12:55:08.198 INFO [org.apache.jasper.servlet.TldScanner.log:173]
				- At least one JAR was scanned for TLDs yet contained no TLDs. Enable debug logging for this logger for a complete list of JARs that were scanned but no TLDs were found in them. Skipping unneeded JARs during scanning can improve startup time and JSP compilation time. 
2021-05-07 12:55:08.200 INFO [org.apache.catalina.core.ContainerBase.[Tomcat].[localhost].[/].log:173]
				- Initializing Spring embedded WebApplicationContext 
2021-05-07 12:55:08.201 INFO [org.springframework.boot.web.servlet.context.ServletWebServerApplicationContext.prepareWebApplicationContext:285]
				- Root WebApplicationContext: initialization completed in 411 ms 
2021-05-07 12:55:08.351 INFO [springfox.documentation.spring.web.PropertySourcedRequestMappingHandlerMapping.initHandlerMethods:69]
				- Mapped URL path [/v2/api-docs] onto method [springfox.documentation.swagger2.web.Swagger2Controller#getDocumentation(String, HttpServletRequest)] 
2021-05-07 12:55:08.363 INFO [org.springframework.boot.devtools.autoconfigure.OptionalLiveReloadServer.startServer:58]
				- LiveReload server is running on port 35729 
2021-05-07 12:55:08.411 INFO [org.apache.coyote.http11.Http11NioProtocol.log:173]
				- Starting ProtocolHandler ["http-nio-9000"] 
2021-05-07 12:55:08.414 INFO [org.springframework.boot.web.embedded.tomcat.TomcatWebServer.start:220]
				- Tomcat started on port(s): 9000 (http) with context path '' 
2021-05-07 12:55:08.415 INFO [springfox.documentation.spring.web.plugins.DocumentationPluginsBootstrapper.start:160]
				- Context refreshed 
2021-05-07 12:55:08.416 INFO [springfox.documentation.spring.web.plugins.DocumentationPluginsBootstrapper.start:163]
				- Found 1 custom documentation plugin(s) 
2021-05-07 12:55:08.423 INFO [springfox.documentation.spring.web.scanners.ApiListingReferenceScanner.scan:41]
				- Scanning for api listing references 
2021-05-07 12:55:08.452 INFO [edu.ssafy.SpringMvcSpringbootApplication.logStarted:61]
				- Started SpringMvcSpringbootApplication in 0.691 seconds (JVM running for 178.459) 
2021-05-07 12:55:08.454 INFO [org.springframework.boot.devtools.autoconfigure.ConditionEvaluationDeltaLoggingListener.onApplicationEvent:63]
				- Condition evaluation unchanged 
2021-05-07 12:55:20.545 INFO [org.apache.catalina.core.ContainerBase.[Tomcat].[localhost].[/].log:173]
				- Initializing Spring DispatcherServlet 'dispatcherServlet' 
2021-05-07 12:55:20.546 INFO [org.springframework.web.servlet.DispatcherServlet.initServletBean:525]
				- Initializing Servlet 'dispatcherServlet' 
2021-05-07 12:55:20.549 INFO [org.springframework.web.servlet.DispatcherServlet.initServletBean:547]
				- Completed initialization in 3 ms 
2021-05-07 12:55:20.550 INFO [edu.ssafy.controller.HomeController.home:64]
				- Welcome home! The client locale is ko_KR. 
2021-05-07 12:56:35.219 INFO [edu.ssafy.SpringMvcSpringbootApplication.logStarting:55]
				- Starting SpringMvcSpringbootApplication on badngood with PID 14964 (C:\Users\badng\git\springbootmvc\SpringbootMVC\target\classes started by badng in C:\Users\badng\git\springbootmvc\SpringbootMVC) 
2021-05-07 12:56:35.219 INFO [edu.ssafy.SpringMvcSpringbootApplication.logStartupProfileInfo:651]
				- No active profile set, falling back to default profiles: default 
2021-05-07 12:56:35.435 WARN [org.mybatis.spring.mapper.ClassPathMapperScanner.warn:44]
				- No MyBatis mapper was found in '[edu.ssafy]' package. Please check your configuration. 
2021-05-07 12:56:35.506 INFO [org.springframework.boot.web.embedded.tomcat.TomcatWebServer.initialize:108]
				- Tomcat initialized with port(s): 9000 (http) 
2021-05-07 12:56:35.507 INFO [org.apache.coyote.http11.Http11NioProtocol.log:173]
				- Initializing ProtocolHandler ["http-nio-9000"] 
2021-05-07 12:56:35.507 INFO [org.apache.catalina.core.StandardService.log:173]
				- Starting service [Tomcat] 
2021-05-07 12:56:35.507 INFO [org.apache.catalina.core.StandardEngine.log:173]
				- Starting Servlet engine: [Apache Tomcat/9.0.38] 
2021-05-07 12:56:35.565 INFO [org.apache.jasper.servlet.TldScanner.log:173]
				- At least one JAR was scanned for TLDs yet contained no TLDs. Enable debug logging for this logger for a complete list of JARs that were scanned but no TLDs were found in them. Skipping unneeded JARs during scanning can improve startup time and JSP compilation time. 
2021-05-07 12:56:35.566 INFO [org.apache.catalina.core.ContainerBase.[Tomcat].[localhost].[/].log:173]
				- Initializing Spring embedded WebApplicationContext 
2021-05-07 12:56:35.566 INFO [org.springframework.boot.web.servlet.context.ServletWebServerApplicationContext.prepareWebApplicationContext:285]
				- Root WebApplicationContext: initialization completed in 345 ms 
2021-05-07 12:56:35.686 INFO [springfox.documentation.spring.web.PropertySourcedRequestMappingHandlerMapping.initHandlerMethods:69]
				- Mapped URL path [/v2/api-docs] onto method [springfox.documentation.swagger2.web.Swagger2Controller#getDocumentation(String, HttpServletRequest)] 
2021-05-07 12:56:35.697 INFO [org.springframework.boot.devtools.autoconfigure.OptionalLiveReloadServer.startServer:58]
				- LiveReload server is running on port 35729 
2021-05-07 12:56:35.739 INFO [org.apache.coyote.http11.Http11NioProtocol.log:173]
				- Starting ProtocolHandler ["http-nio-9000"] 
2021-05-07 12:56:35.743 INFO [org.springframework.boot.web.embedded.tomcat.TomcatWebServer.start:220]
				- Tomcat started on port(s): 9000 (http) with context path '' 
2021-05-07 12:56:35.743 INFO [springfox.documentation.spring.web.plugins.DocumentationPluginsBootstrapper.start:160]
				- Context refreshed 
2021-05-07 12:56:35.744 INFO [springfox.documentation.spring.web.plugins.DocumentationPluginsBootstrapper.start:163]
				- Found 1 custom documentation plugin(s) 
2021-05-07 12:56:35.750 INFO [springfox.documentation.spring.web.scanners.ApiListingReferenceScanner.scan:41]
				- Scanning for api listing references 
2021-05-07 12:56:35.773 INFO [edu.ssafy.SpringMvcSpringbootApplication.logStarted:61]
				- Started SpringMvcSpringbootApplication in 0.576 seconds (JVM running for 265.779) 
2021-05-07 12:56:35.775 INFO [org.springframework.boot.devtools.autoconfigure.ConditionEvaluationDeltaLoggingListener.onApplicationEvent:63]
				- Condition evaluation unchanged 
